<?xml version="1.0" encoding="UTF-8"?>
<TestRun id="7df68118-190a-4c7a-9d3b-a7d45c453782" name="Administrator@VOX-DEV-CAREL 2009-03-27 10:14:49" runUser="VOX-DEV-CAREL\Administrator" xmlns="http://microsoft.com/schemas/VisualStudio/TeamTest/2006">
  <TestRunConfiguration name="Default Run Configuration" id="0ea2565c-7e09-486e-932a-f6e56fdd5faa">
    <Deployment runDeploymentRoot="C:\Documents and Settings\Administrator\My Documents\Visual Studio 2008\Projects\MoanWebAppRoot\MaonWebApp\TestResults\Administrator_VOX-DEV-CAREL 2009-03-27 10_14_49">
      <DeploymentItem filename="C:\Documents and Settings\Administrator\My Documents\Visual Studio 2008\Projects\MoanWebAppRoot\MaonWebApp\MaonWebApp\bin\MaonWebApp.dll" />
    </Deployment>
    <Hosts skipUnhostableTests="false" />
    <TestTypeSpecific />
  </TestRunConfiguration>
  <ResultSummary outcome="Failed">
    <Counters total="28" executed="28" passed="27" error="0" failed="1" timeout="0" aborted="0" inconclusive="0" passedButRunAborted="0" notRunnable="0" notExecuted="0" disconnected="0" warning="0" completed="0" inProgress="0" pending="0" />
  </ResultSummary>
  <Times creation="2009-03-27T10:14:49.5468750+02:00" queuing="2009-03-27T10:14:53.9062500+02:00" start="2009-03-27T10:14:54.1562500+02:00" finish="2009-03-27T10:14:55.8750000+02:00" />
  <TestDefinitions>
    <UnitTest name="ChangePasswordPostReturnsViewIfNewPasswordDoesNotMatchConfirmPassword" storage="c:\documents and settings\administrator\my documents\visual studio 2008\projects\moanwebapproot\maonwebapp\maonwebapp.tests\bin\debug\maonwebapp.tests.dll" id="5997d1bd-73ea-7f9d-9e58-3d28395eabdd">
      <Css projectStructure="" iteration="" />
      <Owners>
        <Owner name="" />
      </Owners>
      <Execution id="609f6d08-0640-4967-a74d-5e82f27666cd" />
      <TestMethod codeBase="C:\Documents and Settings\Administrator\My Documents\Visual Studio 2008\Projects\MoanWebAppRoot\MaonWebApp\MaonWebApp.Tests\bin\Debug\MaonWebApp.Tests.dll" adapterTypeName="Microsoft.VisualStudio.TestTools.TestTypes.Unit.UnitTestAdapter, Microsoft.VisualStudio.QualityTools.Tips.UnitTest.Adapter, Version=9.0.0.0, Culture=neutral, PublicKeyToken=b03f5f7f11d50a3a" className="MaonWebApp.Tests.Controllers.AccountControllerTest, MaonWebApp.Tests" name="ChangePasswordPostReturnsViewIfNewPasswordDoesNotMatchConfirmPassword" />
    </UnitTest>
    <UnitTest name="ChangePasswordPostReturnsViewIfProviderRejectsPassword" storage="c:\documents and settings\administrator\my documents\visual studio 2008\projects\moanwebapproot\maonwebapp\maonwebapp.tests\bin\debug\maonwebapp.tests.dll" id="2701c67c-f38c-d20b-4afb-295efb841196">
      <Css projectStructure="" iteration="" />
      <Owners>
        <Owner name="" />
      </Owners>
      <Execution id="a09e8a2f-cf46-4f3f-a869-e785212b0ef5" />
      <TestMethod codeBase="C:\Documents and Settings\Administrator\My Documents\Visual Studio 2008\Projects\MoanWebAppRoot\MaonWebApp\MaonWebApp.Tests\bin\Debug\MaonWebApp.Tests.dll" adapterTypeName="Microsoft.VisualStudio.TestTools.TestTypes.Unit.UnitTestAdapter, Microsoft.VisualStudio.QualityTools.Tips.UnitTest.Adapter, Version=9.0.0.0, Culture=neutral, PublicKeyToken=b03f5f7f11d50a3a" className="MaonWebApp.Tests.Controllers.AccountControllerTest, MaonWebApp.Tests" name="ChangePasswordPostReturnsViewIfProviderRejectsPassword" />
    </UnitTest>
    <UnitTest name="RegisterPostReturnsViewIfPasswordIsTooShort" storage="c:\documents and settings\administrator\my documents\visual studio 2008\projects\moanwebapproot\maonwebapp\maonwebapp.tests\bin\debug\maonwebapp.tests.dll" id="2aed2d2b-8427-4eff-ebcd-60959809c75f">
      <Css projectStructure="" iteration="" />
      <Owners>
        <Owner name="" />
      </Owners>
      <Execution id="c78ef440-8f44-44c2-a990-40d02674bed6" />
      <TestMethod codeBase="C:\Documents and Settings\Administrator\My Documents\Visual Studio 2008\Projects\MoanWebAppRoot\MaonWebApp\MaonWebApp.Tests\bin\Debug\MaonWebApp.Tests.dll" adapterTypeName="Microsoft.VisualStudio.TestTools.TestTypes.Unit.UnitTestAdapter, Microsoft.VisualStudio.QualityTools.Tips.UnitTest.Adapter, Version=9.0.0.0, Culture=neutral, PublicKeyToken=b03f5f7f11d50a3a" className="MaonWebApp.Tests.Controllers.AccountControllerTest, MaonWebApp.Tests" name="RegisterPostReturnsViewIfPasswordIsTooShort" />
    </UnitTest>
    <UnitTest name="RegisterPostReturnsViewIfEmailNotSpecified" storage="c:\documents and settings\administrator\my documents\visual studio 2008\projects\moanwebapproot\maonwebapp\maonwebapp.tests\bin\debug\maonwebapp.tests.dll" id="130cb96d-4afe-596a-ed0c-dbb933bbb6ed">
      <Css projectStructure="" iteration="" />
      <Owners>
        <Owner name="" />
      </Owners>
      <Execution id="f9829b07-934b-4413-8012-643f1f4f5863" />
      <TestMethod codeBase="C:\Documents and Settings\Administrator\My Documents\Visual Studio 2008\Projects\MoanWebAppRoot\MaonWebApp\MaonWebApp.Tests\bin\Debug\MaonWebApp.Tests.dll" adapterTypeName="Microsoft.VisualStudio.TestTools.TestTypes.Unit.UnitTestAdapter, Microsoft.VisualStudio.QualityTools.Tips.UnitTest.Adapter, Version=9.0.0.0, Culture=neutral, PublicKeyToken=b03f5f7f11d50a3a" className="MaonWebApp.Tests.Controllers.AccountControllerTest, MaonWebApp.Tests" name="RegisterPostReturnsViewIfEmailNotSpecified" />
    </UnitTest>
    <UnitTest name="RegisterPostReturnsViewIfNewPasswordDoesNotMatchConfirmPassword" storage="c:\documents and settings\administrator\my documents\visual studio 2008\projects\moanwebapproot\maonwebapp\maonwebapp.tests\bin\debug\maonwebapp.tests.dll" id="442d82f7-45ca-e47b-a1ca-f6820d5368d6">
      <Css projectStructure="" iteration="" />
      <Owners>
        <Owner name="" />
      </Owners>
      <Execution id="afd5bc68-f29c-4d95-b9ac-3c2365266522" />
      <TestMethod codeBase="C:\Documents and Settings\Administrator\My Documents\Visual Studio 2008\Projects\MoanWebAppRoot\MaonWebApp\MaonWebApp.Tests\bin\Debug\MaonWebApp.Tests.dll" adapterTypeName="Microsoft.VisualStudio.TestTools.TestTypes.Unit.UnitTestAdapter, Microsoft.VisualStudio.QualityTools.Tips.UnitTest.Adapter, Version=9.0.0.0, Culture=neutral, PublicKeyToken=b03f5f7f11d50a3a" className="MaonWebApp.Tests.Controllers.AccountControllerTest, MaonWebApp.Tests" name="RegisterPostReturnsViewIfNewPasswordDoesNotMatchConfirmPassword" />
    </UnitTest>
    <UnitTest name="LoginPostReturnsViewIfUsernameOrPasswordIsIncorrect" storage="c:\documents and settings\administrator\my documents\visual studio 2008\projects\moanwebapproot\maonwebapp\maonwebapp.tests\bin\debug\maonwebapp.tests.dll" id="11843189-7563-c1a7-7e0a-1b8cd85fcec6">
      <Css projectStructure="" iteration="" />
      <Owners>
        <Owner name="" />
      </Owners>
      <Execution id="3ab7756e-6e99-40f5-bd76-c0cbc6e4ab93" />
      <TestMethod codeBase="C:\Documents and Settings\Administrator\My Documents\Visual Studio 2008\Projects\MoanWebAppRoot\MaonWebApp\MaonWebApp.Tests\bin\Debug\MaonWebApp.Tests.dll" adapterTypeName="Microsoft.VisualStudio.TestTools.TestTypes.Unit.UnitTestAdapter, Microsoft.VisualStudio.QualityTools.Tips.UnitTest.Adapter, Version=9.0.0.0, Culture=neutral, PublicKeyToken=b03f5f7f11d50a3a" className="MaonWebApp.Tests.Controllers.AccountControllerTest, MaonWebApp.Tests" name="LoginPostReturnsViewIfUsernameOrPasswordIsIncorrect" />
    </UnitTest>
    <UnitTest name="Nags" storage="c:\documents and settings\administrator\my documents\visual studio 2008\projects\moanwebapproot\maonwebapp\maonwebapp.tests\bin\debug\maonwebapp.tests.dll" id="3b5d3c00-00ce-32cf-1ff8-471133aa456b">
      <Css projectStructure="" iteration="" />
      <Owners>
        <Owner name="" />
      </Owners>
      <Execution id="eb891f0a-8bf8-4eb6-9de7-c4628a38a992" />
      <TestMethod codeBase="C:\Documents and Settings\Administrator\My Documents\Visual Studio 2008\Projects\MoanWebAppRoot\MaonWebApp\MaonWebApp.Tests\bin\Debug\MaonWebApp.Tests.dll" adapterTypeName="Microsoft.VisualStudio.TestTools.TestTypes.Unit.UnitTestAdapter, Microsoft.VisualStudio.QualityTools.Tips.UnitTest.Adapter, Version=9.0.0.0, Culture=neutral, PublicKeyToken=b03f5f7f11d50a3a" className="MaonWebApp.Tests.Controllers.SecureControllerTest, MaonWebApp.Tests" name="Nags" />
    </UnitTest>
    <UnitTest name="ChangePasswordPostReturnsViewIfNewPasswordIsTooShort" storage="c:\documents and settings\administrator\my documents\visual studio 2008\projects\moanwebapproot\maonwebapp\maonwebapp.tests\bin\debug\maonwebapp.tests.dll" id="380ec1c0-215f-6984-2340-53164fde8307">
      <Css projectStructure="" iteration="" />
      <Owners>
        <Owner name="" />
      </Owners>
      <Execution id="aed93b93-48a4-430a-8297-e06ca2b234ed" />
      <TestMethod codeBase="C:\Documents and Settings\Administrator\My Documents\Visual Studio 2008\Projects\MoanWebAppRoot\MaonWebApp\MaonWebApp.Tests\bin\Debug\MaonWebApp.Tests.dll" adapterTypeName="Microsoft.VisualStudio.TestTools.TestTypes.Unit.UnitTestAdapter, Microsoft.VisualStudio.QualityTools.Tips.UnitTest.Adapter, Version=9.0.0.0, Culture=neutral, PublicKeyToken=b03f5f7f11d50a3a" className="MaonWebApp.Tests.Controllers.AccountControllerTest, MaonWebApp.Tests" name="ChangePasswordPostReturnsViewIfNewPasswordIsTooShort" />
    </UnitTest>
    <UnitTest name="LoginPostReturnsViewIfUsernameNotSpecified" storage="c:\documents and settings\administrator\my documents\visual studio 2008\projects\moanwebapproot\maonwebapp\maonwebapp.tests\bin\debug\maonwebapp.tests.dll" id="9802484a-a7c8-8316-5982-4fe5ee8e3525">
      <Css projectStructure="" iteration="" />
      <Owners>
        <Owner name="" />
      </Owners>
      <Execution id="e513589c-ee6b-4b4f-bce8-0a5309311b61" />
      <TestMethod codeBase="C:\Documents and Settings\Administrator\My Documents\Visual Studio 2008\Projects\MoanWebAppRoot\MaonWebApp\MaonWebApp.Tests\bin\Debug\MaonWebApp.Tests.dll" adapterTypeName="Microsoft.VisualStudio.TestTools.TestTypes.Unit.UnitTestAdapter, Microsoft.VisualStudio.QualityTools.Tips.UnitTest.Adapter, Version=9.0.0.0, Culture=neutral, PublicKeyToken=b03f5f7f11d50a3a" className="MaonWebApp.Tests.Controllers.AccountControllerTest, MaonWebApp.Tests" name="LoginPostReturnsViewIfUsernameNotSpecified" />
    </UnitTest>
    <UnitTest name="RegisterGet" storage="c:\documents and settings\administrator\my documents\visual studio 2008\projects\moanwebapproot\maonwebapp\maonwebapp.tests\bin\debug\maonwebapp.tests.dll" id="a667acc6-e228-3e22-d44d-bb7a179e78b4">
      <Css projectStructure="" iteration="" />
      <Owners>
        <Owner name="" />
      </Owners>
      <Execution id="b5cd0dde-985c-47c6-b53e-9c4ba0e45c80" />
      <TestMethod codeBase="C:\Documents and Settings\Administrator\My Documents\Visual Studio 2008\Projects\MoanWebAppRoot\MaonWebApp\MaonWebApp.Tests\bin\Debug\MaonWebApp.Tests.dll" adapterTypeName="Microsoft.VisualStudio.TestTools.TestTypes.Unit.UnitTestAdapter, Microsoft.VisualStudio.QualityTools.Tips.UnitTest.Adapter, Version=9.0.0.0, Culture=neutral, PublicKeyToken=b03f5f7f11d50a3a" className="MaonWebApp.Tests.Controllers.AccountControllerTest, MaonWebApp.Tests" name="RegisterGet" />
    </UnitTest>
    <UnitTest name="ChangePasswordSuccess" storage="c:\documents and settings\administrator\my documents\visual studio 2008\projects\moanwebapproot\maonwebapp\maonwebapp.tests\bin\debug\maonwebapp.tests.dll" id="732e5183-3a50-564c-9565-80fd054de40f">
      <Css projectStructure="" iteration="" />
      <Owners>
        <Owner name="" />
      </Owners>
      <Execution id="d72e35ff-5040-44b4-88df-3bb1dd2a01bb" />
      <TestMethod codeBase="C:\Documents and Settings\Administrator\My Documents\Visual Studio 2008\Projects\MoanWebAppRoot\MaonWebApp\MaonWebApp.Tests\bin\Debug\MaonWebApp.Tests.dll" adapterTypeName="Microsoft.VisualStudio.TestTools.TestTypes.Unit.UnitTestAdapter, Microsoft.VisualStudio.QualityTools.Tips.UnitTest.Adapter, Version=9.0.0.0, Culture=neutral, PublicKeyToken=b03f5f7f11d50a3a" className="MaonWebApp.Tests.Controllers.AccountControllerTest, MaonWebApp.Tests" name="ChangePasswordSuccess" />
    </UnitTest>
    <UnitTest name="RegisterPostReturnsViewIfPasswordIsNull" storage="c:\documents and settings\administrator\my documents\visual studio 2008\projects\moanwebapproot\maonwebapp\maonwebapp.tests\bin\debug\maonwebapp.tests.dll" id="3e623610-794a-e448-85d0-5a994807bfab">
      <Css projectStructure="" iteration="" />
      <Owners>
        <Owner name="" />
      </Owners>
      <Execution id="bf8ed415-d5d3-4db1-a024-4244e329fd35" />
      <TestMethod codeBase="C:\Documents and Settings\Administrator\My Documents\Visual Studio 2008\Projects\MoanWebAppRoot\MaonWebApp\MaonWebApp.Tests\bin\Debug\MaonWebApp.Tests.dll" adapterTypeName="Microsoft.VisualStudio.TestTools.TestTypes.Unit.UnitTestAdapter, Microsoft.VisualStudio.QualityTools.Tips.UnitTest.Adapter, Version=9.0.0.0, Culture=neutral, PublicKeyToken=b03f5f7f11d50a3a" className="MaonWebApp.Tests.Controllers.AccountControllerTest, MaonWebApp.Tests" name="RegisterPostReturnsViewIfPasswordIsNull" />
    </UnitTest>
    <UnitTest name="Index" storage="c:\documents and settings\administrator\my documents\visual studio 2008\projects\moanwebapproot\maonwebapp\maonwebapp.tests\bin\debug\maonwebapp.tests.dll" id="40d90660-356a-7b96-ade5-6ea5ea8eeed8">
      <Css projectStructure="" iteration="" />
      <Owners>
        <Owner name="" />
      </Owners>
      <Execution id="a97ed812-63ff-4f2a-b9de-2f7544a8427e" />
      <TestMethod codeBase="C:\Documents and Settings\Administrator\My Documents\Visual Studio 2008\Projects\MoanWebAppRoot\MaonWebApp\MaonWebApp.Tests\bin\Debug\MaonWebApp.Tests.dll" adapterTypeName="Microsoft.VisualStudio.TestTools.TestTypes.Unit.UnitTestAdapter, Microsoft.VisualStudio.QualityTools.Tips.UnitTest.Adapter, Version=9.0.0.0, Culture=neutral, PublicKeyToken=b03f5f7f11d50a3a" className="MaonWebApp.Tests.Controllers.HomeControllerTest, MaonWebApp.Tests" name="Index" />
    </UnitTest>
    <UnitTest name="LoginGet" storage="c:\documents and settings\administrator\my documents\visual studio 2008\projects\moanwebapproot\maonwebapp\maonwebapp.tests\bin\debug\maonwebapp.tests.dll" id="7bff8544-d4b5-f4e1-dcc6-dfb436981aaa">
      <Css projectStructure="" iteration="" />
      <Owners>
        <Owner name="" />
      </Owners>
      <Execution id="5d8910dc-ddc1-482d-b354-48522c99b499" />
      <TestMethod codeBase="C:\Documents and Settings\Administrator\My Documents\Visual Studio 2008\Projects\MoanWebAppRoot\MaonWebApp\MaonWebApp.Tests\bin\Debug\MaonWebApp.Tests.dll" adapterTypeName="Microsoft.VisualStudio.TestTools.TestTypes.Unit.UnitTestAdapter, Microsoft.VisualStudio.QualityTools.Tips.UnitTest.Adapter, Version=9.0.0.0, Culture=neutral, PublicKeyToken=b03f5f7f11d50a3a" className="MaonWebApp.Tests.Controllers.AccountControllerTest, MaonWebApp.Tests" name="LoginGet" />
    </UnitTest>
    <UnitTest name="LoginPostRedirectsHomeIfLoginSuccessfulButNoReturnUrlGiven" storage="c:\documents and settings\administrator\my documents\visual studio 2008\projects\moanwebapproot\maonwebapp\maonwebapp.tests\bin\debug\maonwebapp.tests.dll" id="d363486b-c118-9d6f-0150-143b0f631fed">
      <Css projectStructure="" iteration="" />
      <Owners>
        <Owner name="" />
      </Owners>
      <Execution id="6a7db491-ab24-44f4-bb88-5a2fa10537d8" />
      <TestMethod codeBase="C:\Documents and Settings\Administrator\My Documents\Visual Studio 2008\Projects\MoanWebAppRoot\MaonWebApp\MaonWebApp.Tests\bin\Debug\MaonWebApp.Tests.dll" adapterTypeName="Microsoft.VisualStudio.TestTools.TestTypes.Unit.UnitTestAdapter, Microsoft.VisualStudio.QualityTools.Tips.UnitTest.Adapter, Version=9.0.0.0, Culture=neutral, PublicKeyToken=b03f5f7f11d50a3a" className="MaonWebApp.Tests.Controllers.AccountControllerTest, MaonWebApp.Tests" name="LoginPostRedirectsHomeIfLoginSuccessfulButNoReturnUrlGiven" />
    </UnitTest>
    <UnitTest name="ChangePasswordPostReturnsViewIfNewPasswordIsNull" storage="c:\documents and settings\administrator\my documents\visual studio 2008\projects\moanwebapproot\maonwebapp\maonwebapp.tests\bin\debug\maonwebapp.tests.dll" id="95f39f74-b4fe-bc22-9a7f-36fc27d35b0f">
      <Css projectStructure="" iteration="" />
      <Owners>
        <Owner name="" />
      </Owners>
      <Execution id="29c30161-585c-4d4c-bd45-507c69208f7c" />
      <TestMethod codeBase="C:\Documents and Settings\Administrator\My Documents\Visual Studio 2008\Projects\MoanWebAppRoot\MaonWebApp\MaonWebApp.Tests\bin\Debug\MaonWebApp.Tests.dll" adapterTypeName="Microsoft.VisualStudio.TestTools.TestTypes.Unit.UnitTestAdapter, Microsoft.VisualStudio.QualityTools.Tips.UnitTest.Adapter, Version=9.0.0.0, Culture=neutral, PublicKeyToken=b03f5f7f11d50a3a" className="MaonWebApp.Tests.Controllers.AccountControllerTest, MaonWebApp.Tests" name="ChangePasswordPostReturnsViewIfNewPasswordIsNull" />
    </UnitTest>
    <UnitTest name="LoginPostRedirectsToReturnUrlIfLoginSuccessfulAndReturnUrlGiven" storage="c:\documents and settings\administrator\my documents\visual studio 2008\projects\moanwebapproot\maonwebapp\maonwebapp.tests\bin\debug\maonwebapp.tests.dll" id="225c2772-3454-8891-32f6-5312bba111e9">
      <Css projectStructure="" iteration="" />
      <Owners>
        <Owner name="" />
      </Owners>
      <Execution id="4b5102d7-c6fd-4b26-b2ac-8d292bc6318b" />
      <TestMethod codeBase="C:\Documents and Settings\Administrator\My Documents\Visual Studio 2008\Projects\MoanWebAppRoot\MaonWebApp\MaonWebApp.Tests\bin\Debug\MaonWebApp.Tests.dll" adapterTypeName="Microsoft.VisualStudio.TestTools.TestTypes.Unit.UnitTestAdapter, Microsoft.VisualStudio.QualityTools.Tips.UnitTest.Adapter, Version=9.0.0.0, Culture=neutral, PublicKeyToken=b03f5f7f11d50a3a" className="MaonWebApp.Tests.Controllers.AccountControllerTest, MaonWebApp.Tests" name="LoginPostRedirectsToReturnUrlIfLoginSuccessfulAndReturnUrlGiven" />
    </UnitTest>
    <UnitTest name="ConstructorSetsProperties" storage="c:\documents and settings\administrator\my documents\visual studio 2008\projects\moanwebapproot\maonwebapp\maonwebapp.tests\bin\debug\maonwebapp.tests.dll" id="6cd7decb-a721-c5ca-5212-e7487701fd3b">
      <Css projectStructure="" iteration="" />
      <Owners>
        <Owner name="" />
      </Owners>
      <Execution id="8dc74a35-f7dd-4802-a49c-d57e1af38d19" />
      <TestMethod codeBase="C:\Documents and Settings\Administrator\My Documents\Visual Studio 2008\Projects\MoanWebAppRoot\MaonWebApp\MaonWebApp.Tests\bin\Debug\MaonWebApp.Tests.dll" adapterTypeName="Microsoft.VisualStudio.TestTools.TestTypes.Unit.UnitTestAdapter, Microsoft.VisualStudio.QualityTools.Tips.UnitTest.Adapter, Version=9.0.0.0, Culture=neutral, PublicKeyToken=b03f5f7f11d50a3a" className="MaonWebApp.Tests.Controllers.AccountControllerTest, MaonWebApp.Tests" name="ConstructorSetsProperties" />
    </UnitTest>
    <UnitTest name="RegisterPostReturnsViewIfUsernameNotSpecified" storage="c:\documents and settings\administrator\my documents\visual studio 2008\projects\moanwebapproot\maonwebapp\maonwebapp.tests\bin\debug\maonwebapp.tests.dll" id="22c478af-c0d0-f3f3-bb46-ef468b7b3787">
      <Css projectStructure="" iteration="" />
      <Owners>
        <Owner name="" />
      </Owners>
      <Execution id="3ea68274-c6e6-4a5b-85b2-a875c4de6a3a" />
      <TestMethod codeBase="C:\Documents and Settings\Administrator\My Documents\Visual Studio 2008\Projects\MoanWebAppRoot\MaonWebApp\MaonWebApp.Tests\bin\Debug\MaonWebApp.Tests.dll" adapterTypeName="Microsoft.VisualStudio.TestTools.TestTypes.Unit.UnitTestAdapter, Microsoft.VisualStudio.QualityTools.Tips.UnitTest.Adapter, Version=9.0.0.0, Culture=neutral, PublicKeyToken=b03f5f7f11d50a3a" className="MaonWebApp.Tests.Controllers.AccountControllerTest, MaonWebApp.Tests" name="RegisterPostReturnsViewIfUsernameNotSpecified" />
    </UnitTest>
    <UnitTest name="ChangePasswordPostRedirectsOnSuccess" storage="c:\documents and settings\administrator\my documents\visual studio 2008\projects\moanwebapproot\maonwebapp\maonwebapp.tests\bin\debug\maonwebapp.tests.dll" id="da9e61cd-884f-8790-1079-4330407dd2bc">
      <Css projectStructure="" iteration="" />
      <Owners>
        <Owner name="" />
      </Owners>
      <Execution id="4715cee9-6203-4aa8-9b9c-8aa5c79e71b7" />
      <TestMethod codeBase="C:\Documents and Settings\Administrator\My Documents\Visual Studio 2008\Projects\MoanWebAppRoot\MaonWebApp\MaonWebApp.Tests\bin\Debug\MaonWebApp.Tests.dll" adapterTypeName="Microsoft.VisualStudio.TestTools.TestTypes.Unit.UnitTestAdapter, Microsoft.VisualStudio.QualityTools.Tips.UnitTest.Adapter, Version=9.0.0.0, Culture=neutral, PublicKeyToken=b03f5f7f11d50a3a" className="MaonWebApp.Tests.Controllers.AccountControllerTest, MaonWebApp.Tests" name="ChangePasswordPostRedirectsOnSuccess" />
    </UnitTest>
    <UnitTest name="About" storage="c:\documents and settings\administrator\my documents\visual studio 2008\projects\moanwebapproot\maonwebapp\maonwebapp.tests\bin\debug\maonwebapp.tests.dll" id="621d3f18-49d2-c5f2-5709-c00f4d8a1d68">
      <Css projectStructure="" iteration="" />
      <Owners>
        <Owner name="" />
      </Owners>
      <Execution id="619287f4-c167-45cd-bce1-0d82dc589266" />
      <TestMethod codeBase="C:\Documents and Settings\Administrator\My Documents\Visual Studio 2008\Projects\MoanWebAppRoot\MaonWebApp\MaonWebApp.Tests\bin\Debug\MaonWebApp.Tests.dll" adapterTypeName="Microsoft.VisualStudio.TestTools.TestTypes.Unit.UnitTestAdapter, Microsoft.VisualStudio.QualityTools.Tips.UnitTest.Adapter, Version=9.0.0.0, Culture=neutral, PublicKeyToken=b03f5f7f11d50a3a" className="MaonWebApp.Tests.Controllers.HomeControllerTest, MaonWebApp.Tests" name="About" />
    </UnitTest>
    <UnitTest name="LoginPostReturnsViewIfPasswordNotSpecified" storage="c:\documents and settings\administrator\my documents\visual studio 2008\projects\moanwebapproot\maonwebapp\maonwebapp.tests\bin\debug\maonwebapp.tests.dll" id="fb7afba8-f031-46c7-cee3-e1eef5c1b515">
      <Css projectStructure="" iteration="" />
      <Owners>
        <Owner name="" />
      </Owners>
      <Execution id="314ffc98-7b8f-4e9c-b601-3e3d824ea44e" />
      <TestMethod codeBase="C:\Documents and Settings\Administrator\My Documents\Visual Studio 2008\Projects\MoanWebAppRoot\MaonWebApp\MaonWebApp.Tests\bin\Debug\MaonWebApp.Tests.dll" adapterTypeName="Microsoft.VisualStudio.TestTools.TestTypes.Unit.UnitTestAdapter, Microsoft.VisualStudio.QualityTools.Tips.UnitTest.Adapter, Version=9.0.0.0, Culture=neutral, PublicKeyToken=b03f5f7f11d50a3a" className="MaonWebApp.Tests.Controllers.AccountControllerTest, MaonWebApp.Tests" name="LoginPostReturnsViewIfPasswordNotSpecified" />
    </UnitTest>
    <UnitTest name="ChangePasswordGetReturnsView" storage="c:\documents and settings\administrator\my documents\visual studio 2008\projects\moanwebapproot\maonwebapp\maonwebapp.tests\bin\debug\maonwebapp.tests.dll" id="9f5e4d48-eb67-b032-c2d6-8bc78ae1a5c0">
      <Css projectStructure="" iteration="" />
      <Owners>
        <Owner name="" />
      </Owners>
      <Execution id="4c86f34f-e641-44e0-af30-fbf8beba69d7" />
      <TestMethod codeBase="C:\Documents and Settings\Administrator\My Documents\Visual Studio 2008\Projects\MoanWebAppRoot\MaonWebApp\MaonWebApp.Tests\bin\Debug\MaonWebApp.Tests.dll" adapterTypeName="Microsoft.VisualStudio.TestTools.TestTypes.Unit.UnitTestAdapter, Microsoft.VisualStudio.QualityTools.Tips.UnitTest.Adapter, Version=9.0.0.0, Culture=neutral, PublicKeyToken=b03f5f7f11d50a3a" className="MaonWebApp.Tests.Controllers.AccountControllerTest, MaonWebApp.Tests" name="ChangePasswordGetReturnsView" />
    </UnitTest>
    <UnitTest name="RegisterPostRedirectsHomeIfRegistrationSuccessful" storage="c:\documents and settings\administrator\my documents\visual studio 2008\projects\moanwebapproot\maonwebapp\maonwebapp.tests\bin\debug\maonwebapp.tests.dll" id="8a998af9-4320-5e08-5543-35cbf2a86c41">
      <Css projectStructure="" iteration="" />
      <Owners>
        <Owner name="" />
      </Owners>
      <Execution id="57dcf317-c768-409b-b352-17c7bc15bfab" />
      <TestMethod codeBase="C:\Documents and Settings\Administrator\My Documents\Visual Studio 2008\Projects\MoanWebAppRoot\MaonWebApp\MaonWebApp.Tests\bin\Debug\MaonWebApp.Tests.dll" adapterTypeName="Microsoft.VisualStudio.TestTools.TestTypes.Unit.UnitTestAdapter, Microsoft.VisualStudio.QualityTools.Tips.UnitTest.Adapter, Version=9.0.0.0, Culture=neutral, PublicKeyToken=b03f5f7f11d50a3a" className="MaonWebApp.Tests.Controllers.AccountControllerTest, MaonWebApp.Tests" name="RegisterPostRedirectsHomeIfRegistrationSuccessful" />
    </UnitTest>
    <UnitTest name="RegisterPostReturnsViewIfRegistrationFails" storage="c:\documents and settings\administrator\my documents\visual studio 2008\projects\moanwebapproot\maonwebapp\maonwebapp.tests\bin\debug\maonwebapp.tests.dll" id="876d30e9-18ee-fe86-2dc1-de7a46e4ef09">
      <Css projectStructure="" iteration="" />
      <Owners>
        <Owner name="" />
      </Owners>
      <Execution id="563f3171-ec55-4f0b-839d-757f624c3c9c" />
      <TestMethod codeBase="C:\Documents and Settings\Administrator\My Documents\Visual Studio 2008\Projects\MoanWebAppRoot\MaonWebApp\MaonWebApp.Tests\bin\Debug\MaonWebApp.Tests.dll" adapterTypeName="Microsoft.VisualStudio.TestTools.TestTypes.Unit.UnitTestAdapter, Microsoft.VisualStudio.QualityTools.Tips.UnitTest.Adapter, Version=9.0.0.0, Culture=neutral, PublicKeyToken=b03f5f7f11d50a3a" className="MaonWebApp.Tests.Controllers.AccountControllerTest, MaonWebApp.Tests" name="RegisterPostReturnsViewIfRegistrationFails" />
    </UnitTest>
    <UnitTest name="LogOff" storage="c:\documents and settings\administrator\my documents\visual studio 2008\projects\moanwebapproot\maonwebapp\maonwebapp.tests\bin\debug\maonwebapp.tests.dll" id="8c832c3c-b702-2518-2b45-fb70fe094495">
      <Css projectStructure="" iteration="" />
      <Owners>
        <Owner name="" />
      </Owners>
      <Execution id="0035829f-a9bf-4163-929d-0160e7e44b07" />
      <TestMethod codeBase="C:\Documents and Settings\Administrator\My Documents\Visual Studio 2008\Projects\MoanWebAppRoot\MaonWebApp\MaonWebApp.Tests\bin\Debug\MaonWebApp.Tests.dll" adapterTypeName="Microsoft.VisualStudio.TestTools.TestTypes.Unit.UnitTestAdapter, Microsoft.VisualStudio.QualityTools.Tips.UnitTest.Adapter, Version=9.0.0.0, Culture=neutral, PublicKeyToken=b03f5f7f11d50a3a" className="MaonWebApp.Tests.Controllers.AccountControllerTest, MaonWebApp.Tests" name="LogOff" />
    </UnitTest>
    <UnitTest name="ConstructorSetsPropertiesToDefaultValues" storage="c:\documents and settings\administrator\my documents\visual studio 2008\projects\moanwebapproot\maonwebapp\maonwebapp.tests\bin\debug\maonwebapp.tests.dll" id="a2c51ee9-2d23-35c4-370a-faf800fd73af">
      <Css projectStructure="" iteration="" />
      <Owners>
        <Owner name="" />
      </Owners>
      <Execution id="aa404051-c2fb-445f-9e35-eed39f0d4266" />
      <TestMethod codeBase="C:\Documents and Settings\Administrator\My Documents\Visual Studio 2008\Projects\MoanWebAppRoot\MaonWebApp\MaonWebApp.Tests\bin\Debug\MaonWebApp.Tests.dll" adapterTypeName="Microsoft.VisualStudio.TestTools.TestTypes.Unit.UnitTestAdapter, Microsoft.VisualStudio.QualityTools.Tips.UnitTest.Adapter, Version=9.0.0.0, Culture=neutral, PublicKeyToken=b03f5f7f11d50a3a" className="MaonWebApp.Tests.Controllers.AccountControllerTest, MaonWebApp.Tests" name="ConstructorSetsPropertiesToDefaultValues" />
    </UnitTest>
    <UnitTest name="ChangePasswordPostReturnsViewIfCurrentPasswordNotSpecified" storage="c:\documents and settings\administrator\my documents\visual studio 2008\projects\moanwebapproot\maonwebapp\maonwebapp.tests\bin\debug\maonwebapp.tests.dll" id="6410329e-518e-95b3-6111-f2030c7ab9aa">
      <Css projectStructure="" iteration="" />
      <Owners>
        <Owner name="" />
      </Owners>
      <Execution id="8de5266f-8b36-4e89-8dd8-1b30c48881dc" />
      <TestMethod codeBase="C:\Documents and Settings\Administrator\My Documents\Visual Studio 2008\Projects\MoanWebAppRoot\MaonWebApp\MaonWebApp.Tests\bin\Debug\MaonWebApp.Tests.dll" adapterTypeName="Microsoft.VisualStudio.TestTools.TestTypes.Unit.UnitTestAdapter, Microsoft.VisualStudio.QualityTools.Tips.UnitTest.Adapter, Version=9.0.0.0, Culture=neutral, PublicKeyToken=b03f5f7f11d50a3a" className="MaonWebApp.Tests.Controllers.AccountControllerTest, MaonWebApp.Tests" name="ChangePasswordPostReturnsViewIfCurrentPasswordNotSpecified" />
    </UnitTest>
  </TestDefinitions>
  <TestLists>
    <TestList name="Results Not in a List" id="8c84fa94-04c1-424b-9868-57a2d4851a1d" />
    <TestList name="All Loaded Results" id="19431567-8539-422a-85d7-44ee4e166bda" />
  </TestLists>
  <TestEntries>
    <TestEntry testId="9f5e4d48-eb67-b032-c2d6-8bc78ae1a5c0" executionId="4c86f34f-e641-44e0-af30-fbf8beba69d7" testListId="8c84fa94-04c1-424b-9868-57a2d4851a1d" />
    <TestEntry testId="da9e61cd-884f-8790-1079-4330407dd2bc" executionId="4715cee9-6203-4aa8-9b9c-8aa5c79e71b7" testListId="8c84fa94-04c1-424b-9868-57a2d4851a1d" />
    <TestEntry testId="6410329e-518e-95b3-6111-f2030c7ab9aa" executionId="8de5266f-8b36-4e89-8dd8-1b30c48881dc" testListId="8c84fa94-04c1-424b-9868-57a2d4851a1d" />
    <TestEntry testId="5997d1bd-73ea-7f9d-9e58-3d28395eabdd" executionId="609f6d08-0640-4967-a74d-5e82f27666cd" testListId="8c84fa94-04c1-424b-9868-57a2d4851a1d" />
    <TestEntry testId="95f39f74-b4fe-bc22-9a7f-36fc27d35b0f" executionId="29c30161-585c-4d4c-bd45-507c69208f7c" testListId="8c84fa94-04c1-424b-9868-57a2d4851a1d" />
    <TestEntry testId="380ec1c0-215f-6984-2340-53164fde8307" executionId="aed93b93-48a4-430a-8297-e06ca2b234ed" testListId="8c84fa94-04c1-424b-9868-57a2d4851a1d" />
    <TestEntry testId="2701c67c-f38c-d20b-4afb-295efb841196" executionId="a09e8a2f-cf46-4f3f-a869-e785212b0ef5" testListId="8c84fa94-04c1-424b-9868-57a2d4851a1d" />
    <TestEntry testId="732e5183-3a50-564c-9565-80fd054de40f" executionId="d72e35ff-5040-44b4-88df-3bb1dd2a01bb" testListId="8c84fa94-04c1-424b-9868-57a2d4851a1d" />
    <TestEntry testId="6cd7decb-a721-c5ca-5212-e7487701fd3b" executionId="8dc74a35-f7dd-4802-a49c-d57e1af38d19" testListId="8c84fa94-04c1-424b-9868-57a2d4851a1d" />
    <TestEntry testId="a2c51ee9-2d23-35c4-370a-faf800fd73af" executionId="aa404051-c2fb-445f-9e35-eed39f0d4266" testListId="8c84fa94-04c1-424b-9868-57a2d4851a1d" />
    <TestEntry testId="7bff8544-d4b5-f4e1-dcc6-dfb436981aaa" executionId="5d8910dc-ddc1-482d-b354-48522c99b499" testListId="8c84fa94-04c1-424b-9868-57a2d4851a1d" />
    <TestEntry testId="d363486b-c118-9d6f-0150-143b0f631fed" executionId="6a7db491-ab24-44f4-bb88-5a2fa10537d8" testListId="8c84fa94-04c1-424b-9868-57a2d4851a1d" />
    <TestEntry testId="225c2772-3454-8891-32f6-5312bba111e9" executionId="4b5102d7-c6fd-4b26-b2ac-8d292bc6318b" testListId="8c84fa94-04c1-424b-9868-57a2d4851a1d" />
    <TestEntry testId="fb7afba8-f031-46c7-cee3-e1eef5c1b515" executionId="314ffc98-7b8f-4e9c-b601-3e3d824ea44e" testListId="8c84fa94-04c1-424b-9868-57a2d4851a1d" />
    <TestEntry testId="9802484a-a7c8-8316-5982-4fe5ee8e3525" executionId="e513589c-ee6b-4b4f-bce8-0a5309311b61" testListId="8c84fa94-04c1-424b-9868-57a2d4851a1d" />
    <TestEntry testId="11843189-7563-c1a7-7e0a-1b8cd85fcec6" executionId="3ab7756e-6e99-40f5-bd76-c0cbc6e4ab93" testListId="8c84fa94-04c1-424b-9868-57a2d4851a1d" />
    <TestEntry testId="8c832c3c-b702-2518-2b45-fb70fe094495" executionId="0035829f-a9bf-4163-929d-0160e7e44b07" testListId="8c84fa94-04c1-424b-9868-57a2d4851a1d" />
    <TestEntry testId="a667acc6-e228-3e22-d44d-bb7a179e78b4" executionId="b5cd0dde-985c-47c6-b53e-9c4ba0e45c80" testListId="8c84fa94-04c1-424b-9868-57a2d4851a1d" />
    <TestEntry testId="8a998af9-4320-5e08-5543-35cbf2a86c41" executionId="57dcf317-c768-409b-b352-17c7bc15bfab" testListId="8c84fa94-04c1-424b-9868-57a2d4851a1d" />
    <TestEntry testId="130cb96d-4afe-596a-ed0c-dbb933bbb6ed" executionId="f9829b07-934b-4413-8012-643f1f4f5863" testListId="8c84fa94-04c1-424b-9868-57a2d4851a1d" />
    <TestEntry testId="442d82f7-45ca-e47b-a1ca-f6820d5368d6" executionId="afd5bc68-f29c-4d95-b9ac-3c2365266522" testListId="8c84fa94-04c1-424b-9868-57a2d4851a1d" />
    <TestEntry testId="3e623610-794a-e448-85d0-5a994807bfab" executionId="bf8ed415-d5d3-4db1-a024-4244e329fd35" testListId="8c84fa94-04c1-424b-9868-57a2d4851a1d" />
    <TestEntry testId="2aed2d2b-8427-4eff-ebcd-60959809c75f" executionId="c78ef440-8f44-44c2-a990-40d02674bed6" testListId="8c84fa94-04c1-424b-9868-57a2d4851a1d" />
    <TestEntry testId="876d30e9-18ee-fe86-2dc1-de7a46e4ef09" executionId="563f3171-ec55-4f0b-839d-757f624c3c9c" testListId="8c84fa94-04c1-424b-9868-57a2d4851a1d" />
    <TestEntry testId="22c478af-c0d0-f3f3-bb46-ef468b7b3787" executionId="3ea68274-c6e6-4a5b-85b2-a875c4de6a3a" testListId="8c84fa94-04c1-424b-9868-57a2d4851a1d" />
    <TestEntry testId="40d90660-356a-7b96-ade5-6ea5ea8eeed8" executionId="a97ed812-63ff-4f2a-b9de-2f7544a8427e" testListId="8c84fa94-04c1-424b-9868-57a2d4851a1d" />
    <TestEntry testId="621d3f18-49d2-c5f2-5709-c00f4d8a1d68" executionId="619287f4-c167-45cd-bce1-0d82dc589266" testListId="8c84fa94-04c1-424b-9868-57a2d4851a1d" />
    <TestEntry testId="3b5d3c00-00ce-32cf-1ff8-471133aa456b" executionId="eb891f0a-8bf8-4eb6-9de7-c4628a38a992" testListId="8c84fa94-04c1-424b-9868-57a2d4851a1d" />
  </TestEntries>
  <Results>
    <UnitTestResult executionId="4c86f34f-e641-44e0-af30-fbf8beba69d7" testId="9f5e4d48-eb67-b032-c2d6-8bc78ae1a5c0" testName="ChangePasswordGetReturnsView" computerName="VOX-DEV-CAREL" duration="00:00:00.0680457" startTime="2009-03-27T10:14:54.2656250+02:00" endTime="2009-03-27T10:14:54.9375000+02:00" testType="13cdc9d9-ddb5-4fa4-a97d-d965ccfc6d4b" outcome="Passed" testListId="8c84fa94-04c1-424b-9868-57a2d4851a1d">
      <Output>
      </Output>
    </UnitTestResult>
    <UnitTestResult executionId="4715cee9-6203-4aa8-9b9c-8aa5c79e71b7" testId="da9e61cd-884f-8790-1079-4330407dd2bc" testName="ChangePasswordPostRedirectsOnSuccess" computerName="VOX-DEV-CAREL" duration="00:00:00.0041306" startTime="2009-03-27T10:14:54.9531250+02:00" endTime="2009-03-27T10:14:54.9531250+02:00" testType="13cdc9d9-ddb5-4fa4-a97d-d965ccfc6d4b" outcome="Passed" testListId="8c84fa94-04c1-424b-9868-57a2d4851a1d">
      <Output>
      </Output>
    </UnitTestResult>
    <UnitTestResult executionId="8de5266f-8b36-4e89-8dd8-1b30c48881dc" testId="6410329e-518e-95b3-6111-f2030c7ab9aa" testName="ChangePasswordPostReturnsViewIfCurrentPasswordNotSpecified" computerName="VOX-DEV-CAREL" duration="00:00:00.0009962" startTime="2009-03-27T10:14:54.9687500+02:00" endTime="2009-03-27T10:14:54.9687500+02:00" testType="13cdc9d9-ddb5-4fa4-a97d-d965ccfc6d4b" outcome="Passed" testListId="8c84fa94-04c1-424b-9868-57a2d4851a1d">
      <Output>
      </Output>
    </UnitTestResult>
    <UnitTestResult executionId="609f6d08-0640-4967-a74d-5e82f27666cd" testId="5997d1bd-73ea-7f9d-9e58-3d28395eabdd" testName="ChangePasswordPostReturnsViewIfNewPasswordDoesNotMatchConfirmPassword" computerName="VOX-DEV-CAREL" duration="00:00:00.0004916" startTime="2009-03-27T10:14:54.9687500+02:00" endTime="2009-03-27T10:14:54.9687500+02:00" testType="13cdc9d9-ddb5-4fa4-a97d-d965ccfc6d4b" outcome="Passed" testListId="8c84fa94-04c1-424b-9868-57a2d4851a1d">
      <Output>
      </Output>
    </UnitTestResult>
    <UnitTestResult executionId="29c30161-585c-4d4c-bd45-507c69208f7c" testId="95f39f74-b4fe-bc22-9a7f-36fc27d35b0f" testName="ChangePasswordPostReturnsViewIfNewPasswordIsNull" computerName="VOX-DEV-CAREL" duration="00:00:00.0004863" startTime="2009-03-27T10:14:54.9843750+02:00" endTime="2009-03-27T10:14:54.9843750+02:00" testType="13cdc9d9-ddb5-4fa4-a97d-d965ccfc6d4b" outcome="Passed" testListId="8c84fa94-04c1-424b-9868-57a2d4851a1d">
      <Output>
      </Output>
    </UnitTestResult>
    <UnitTestResult executionId="aed93b93-48a4-430a-8297-e06ca2b234ed" testId="380ec1c0-215f-6984-2340-53164fde8307" testName="ChangePasswordPostReturnsViewIfNewPasswordIsTooShort" computerName="VOX-DEV-CAREL" duration="00:00:00.0004651" startTime="2009-03-27T10:14:54.9843750+02:00" endTime="2009-03-27T10:14:54.9843750+02:00" testType="13cdc9d9-ddb5-4fa4-a97d-d965ccfc6d4b" outcome="Passed" testListId="8c84fa94-04c1-424b-9868-57a2d4851a1d">
      <Output>
      </Output>
    </UnitTestResult>
    <UnitTestResult executionId="a09e8a2f-cf46-4f3f-a869-e785212b0ef5" testId="2701c67c-f38c-d20b-4afb-295efb841196" testName="ChangePasswordPostReturnsViewIfProviderRejectsPassword" computerName="VOX-DEV-CAREL" duration="00:00:00.0004905" startTime="2009-03-27T10:14:55.0000000+02:00" endTime="2009-03-27T10:14:55.0000000+02:00" testType="13cdc9d9-ddb5-4fa4-a97d-d965ccfc6d4b" outcome="Passed" testListId="8c84fa94-04c1-424b-9868-57a2d4851a1d">
      <Output>
      </Output>
    </UnitTestResult>
    <UnitTestResult executionId="d72e35ff-5040-44b4-88df-3bb1dd2a01bb" testId="732e5183-3a50-564c-9565-80fd054de40f" testName="ChangePasswordSuccess" computerName="VOX-DEV-CAREL" duration="00:00:00.0005690" startTime="2009-03-27T10:14:55.0000000+02:00" endTime="2009-03-27T10:14:55.0156250+02:00" testType="13cdc9d9-ddb5-4fa4-a97d-d965ccfc6d4b" outcome="Passed" testListId="8c84fa94-04c1-424b-9868-57a2d4851a1d">
      <Output>
      </Output>
    </UnitTestResult>
    <UnitTestResult executionId="8dc74a35-f7dd-4802-a49c-d57e1af38d19" testId="6cd7decb-a721-c5ca-5212-e7487701fd3b" testName="ConstructorSetsProperties" computerName="VOX-DEV-CAREL" duration="00:00:00.2680497" startTime="2009-03-27T10:14:55.0156250+02:00" endTime="2009-03-27T10:14:55.2968750+02:00" testType="13cdc9d9-ddb5-4fa4-a97d-d965ccfc6d4b" outcome="Passed" testListId="8c84fa94-04c1-424b-9868-57a2d4851a1d">
      <Output>
      </Output>
    </UnitTestResult>
    <UnitTestResult executionId="aa404051-c2fb-445f-9e35-eed39f0d4266" testId="a2c51ee9-2d23-35c4-370a-faf800fd73af" testName="ConstructorSetsPropertiesToDefaultValues" computerName="VOX-DEV-CAREL" duration="00:00:00.0014353" startTime="2009-03-27T10:14:55.2968750+02:00" endTime="2009-03-27T10:14:55.3125000+02:00" testType="13cdc9d9-ddb5-4fa4-a97d-d965ccfc6d4b" outcome="Passed" testListId="8c84fa94-04c1-424b-9868-57a2d4851a1d">
      <Output>
      </Output>
    </UnitTestResult>
    <UnitTestResult executionId="5d8910dc-ddc1-482d-b354-48522c99b499" testId="7bff8544-d4b5-f4e1-dcc6-dfb436981aaa" testName="LoginGet" computerName="VOX-DEV-CAREL" duration="00:00:00.0012655" startTime="2009-03-27T10:14:55.3281250+02:00" endTime="2009-03-27T10:14:55.3437500+02:00" testType="13cdc9d9-ddb5-4fa4-a97d-d965ccfc6d4b" outcome="Passed" testListId="8c84fa94-04c1-424b-9868-57a2d4851a1d">
      <Output>
      </Output>
    </UnitTestResult>
    <UnitTestResult executionId="6a7db491-ab24-44f4-bb88-5a2fa10537d8" testId="d363486b-c118-9d6f-0150-143b0f631fed" testName="LoginPostRedirectsHomeIfLoginSuccessfulButNoReturnUrlGiven" computerName="VOX-DEV-CAREL" duration="00:00:00.0030755" startTime="2009-03-27T10:14:55.3593750+02:00" endTime="2009-03-27T10:14:55.3750000+02:00" testType="13cdc9d9-ddb5-4fa4-a97d-d965ccfc6d4b" outcome="Passed" testListId="8c84fa94-04c1-424b-9868-57a2d4851a1d">
      <Output>
      </Output>
    </UnitTestResult>
    <UnitTestResult executionId="4b5102d7-c6fd-4b26-b2ac-8d292bc6318b" testId="225c2772-3454-8891-32f6-5312bba111e9" testName="LoginPostRedirectsToReturnUrlIfLoginSuccessfulAndReturnUrlGiven" computerName="VOX-DEV-CAREL" duration="00:00:00.0004430" startTime="2009-03-27T10:14:55.3906250+02:00" endTime="2009-03-27T10:14:55.3906250+02:00" testType="13cdc9d9-ddb5-4fa4-a97d-d965ccfc6d4b" outcome="Passed" testListId="8c84fa94-04c1-424b-9868-57a2d4851a1d">
      <Output>
      </Output>
    </UnitTestResult>
    <UnitTestResult executionId="314ffc98-7b8f-4e9c-b601-3e3d824ea44e" testId="fb7afba8-f031-46c7-cee3-e1eef5c1b515" testName="LoginPostReturnsViewIfPasswordNotSpecified" computerName="VOX-DEV-CAREL" duration="00:00:00.0013303" startTime="2009-03-27T10:14:55.4218750+02:00" endTime="2009-03-27T10:14:55.4218750+02:00" testType="13cdc9d9-ddb5-4fa4-a97d-d965ccfc6d4b" outcome="Passed" testListId="8c84fa94-04c1-424b-9868-57a2d4851a1d">
      <Output>
      </Output>
    </UnitTestResult>
    <UnitTestResult executionId="e513589c-ee6b-4b4f-bce8-0a5309311b61" testId="9802484a-a7c8-8316-5982-4fe5ee8e3525" testName="LoginPostReturnsViewIfUsernameNotSpecified" computerName="VOX-DEV-CAREL" duration="00:00:00.0004883" startTime="2009-03-27T10:14:55.4375000+02:00" endTime="2009-03-27T10:14:55.4531250+02:00" testType="13cdc9d9-ddb5-4fa4-a97d-d965ccfc6d4b" outcome="Passed" testListId="8c84fa94-04c1-424b-9868-57a2d4851a1d">
      <Output>
      </Output>
    </UnitTestResult>
    <UnitTestResult executionId="3ab7756e-6e99-40f5-bd76-c0cbc6e4ab93" testId="11843189-7563-c1a7-7e0a-1b8cd85fcec6" testName="LoginPostReturnsViewIfUsernameOrPasswordIsIncorrect" computerName="VOX-DEV-CAREL" duration="00:00:00.0004595" startTime="2009-03-27T10:14:55.4687500+02:00" endTime="2009-03-27T10:14:55.4687500+02:00" testType="13cdc9d9-ddb5-4fa4-a97d-d965ccfc6d4b" outcome="Passed" testListId="8c84fa94-04c1-424b-9868-57a2d4851a1d">
      <Output>
      </Output>
    </UnitTestResult>
    <UnitTestResult executionId="0035829f-a9bf-4163-929d-0160e7e44b07" testId="8c832c3c-b702-2518-2b45-fb70fe094495" testName="LogOff" computerName="VOX-DEV-CAREL" duration="00:00:00.0005458" startTime="2009-03-27T10:14:55.4687500+02:00" endTime="2009-03-27T10:14:55.4687500+02:00" testType="13cdc9d9-ddb5-4fa4-a97d-d965ccfc6d4b" outcome="Passed" testListId="8c84fa94-04c1-424b-9868-57a2d4851a1d">
      <Output>
      </Output>
    </UnitTestResult>
    <UnitTestResult executionId="b5cd0dde-985c-47c6-b53e-9c4ba0e45c80" testId="a667acc6-e228-3e22-d44d-bb7a179e78b4" testName="RegisterGet" computerName="VOX-DEV-CAREL" duration="00:00:00.0005078" startTime="2009-03-27T10:14:55.4843750+02:00" endTime="2009-03-27T10:14:55.4843750+02:00" testType="13cdc9d9-ddb5-4fa4-a97d-d965ccfc6d4b" outcome="Passed" testListId="8c84fa94-04c1-424b-9868-57a2d4851a1d">
      <Output>
      </Output>
    </UnitTestResult>
    <UnitTestResult executionId="57dcf317-c768-409b-b352-17c7bc15bfab" testId="8a998af9-4320-5e08-5543-35cbf2a86c41" testName="RegisterPostRedirectsHomeIfRegistrationSuccessful" computerName="VOX-DEV-CAREL" duration="00:00:00.0017862" startTime="2009-03-27T10:14:55.4843750+02:00" endTime="2009-03-27T10:14:55.5000000+02:00" testType="13cdc9d9-ddb5-4fa4-a97d-d965ccfc6d4b" outcome="Passed" testListId="8c84fa94-04c1-424b-9868-57a2d4851a1d">
      <Output>
      </Output>
    </UnitTestResult>
    <UnitTestResult executionId="f9829b07-934b-4413-8012-643f1f4f5863" testId="130cb96d-4afe-596a-ed0c-dbb933bbb6ed" testName="RegisterPostReturnsViewIfEmailNotSpecified" computerName="VOX-DEV-CAREL" duration="00:00:00.0005014" startTime="2009-03-27T10:14:55.5000000+02:00" endTime="2009-03-27T10:14:55.5000000+02:00" testType="13cdc9d9-ddb5-4fa4-a97d-d965ccfc6d4b" outcome="Passed" testListId="8c84fa94-04c1-424b-9868-57a2d4851a1d">
      <Output>
      </Output>
    </UnitTestResult>
    <UnitTestResult executionId="afd5bc68-f29c-4d95-b9ac-3c2365266522" testId="442d82f7-45ca-e47b-a1ca-f6820d5368d6" testName="RegisterPostReturnsViewIfNewPasswordDoesNotMatchConfirmPassword" computerName="VOX-DEV-CAREL" duration="00:00:00.0004955" startTime="2009-03-27T10:14:55.5000000+02:00" endTime="2009-03-27T10:14:55.5156250+02:00" testType="13cdc9d9-ddb5-4fa4-a97d-d965ccfc6d4b" outcome="Passed" testListId="8c84fa94-04c1-424b-9868-57a2d4851a1d">
      <Output>
      </Output>
    </UnitTestResult>
    <UnitTestResult executionId="bf8ed415-d5d3-4db1-a024-4244e329fd35" testId="3e623610-794a-e448-85d0-5a994807bfab" testName="RegisterPostReturnsViewIfPasswordIsNull" computerName="VOX-DEV-CAREL" duration="00:00:00.0005212" startTime="2009-03-27T10:14:55.5156250+02:00" endTime="2009-03-27T10:14:55.5156250+02:00" testType="13cdc9d9-ddb5-4fa4-a97d-d965ccfc6d4b" outcome="Passed" testListId="8c84fa94-04c1-424b-9868-57a2d4851a1d">
      <Output>
      </Output>
    </UnitTestResult>
    <UnitTestResult executionId="c78ef440-8f44-44c2-a990-40d02674bed6" testId="2aed2d2b-8427-4eff-ebcd-60959809c75f" testName="RegisterPostReturnsViewIfPasswordIsTooShort" computerName="VOX-DEV-CAREL" duration="00:00:00.0004992" startTime="2009-03-27T10:14:55.5312500+02:00" endTime="2009-03-27T10:14:55.5312500+02:00" testType="13cdc9d9-ddb5-4fa4-a97d-d965ccfc6d4b" outcome="Passed" testListId="8c84fa94-04c1-424b-9868-57a2d4851a1d">
      <Output>
      </Output>
    </UnitTestResult>
    <UnitTestResult executionId="563f3171-ec55-4f0b-839d-757f624c3c9c" testId="876d30e9-18ee-fe86-2dc1-de7a46e4ef09" testName="RegisterPostReturnsViewIfRegistrationFails" computerName="VOX-DEV-CAREL" duration="00:00:00.0007274" startTime="2009-03-27T10:14:55.5312500+02:00" endTime="2009-03-27T10:14:55.5312500+02:00" testType="13cdc9d9-ddb5-4fa4-a97d-d965ccfc6d4b" outcome="Passed" testListId="8c84fa94-04c1-424b-9868-57a2d4851a1d">
      <Output>
      </Output>
    </UnitTestResult>
    <UnitTestResult executionId="3ea68274-c6e6-4a5b-85b2-a875c4de6a3a" testId="22c478af-c0d0-f3f3-bb46-ef468b7b3787" testName="RegisterPostReturnsViewIfUsernameNotSpecified" computerName="VOX-DEV-CAREL" duration="00:00:00.0004933" startTime="2009-03-27T10:14:55.5468750+02:00" endTime="2009-03-27T10:14:55.5468750+02:00" testType="13cdc9d9-ddb5-4fa4-a97d-d965ccfc6d4b" outcome="Passed" testListId="8c84fa94-04c1-424b-9868-57a2d4851a1d">
      <Output>
      </Output>
    </UnitTestResult>
    <UnitTestResult executionId="a97ed812-63ff-4f2a-b9de-2f7544a8427e" testId="40d90660-356a-7b96-ade5-6ea5ea8eeed8" testName="Index" computerName="VOX-DEV-CAREL" duration="00:00:00.1126428" startTime="2009-03-27T10:14:55.5468750+02:00" endTime="2009-03-27T10:14:55.6718750+02:00" testType="13cdc9d9-ddb5-4fa4-a97d-d965ccfc6d4b" outcome="Failed" testListId="8c84fa94-04c1-424b-9868-57a2d4851a1d">
      <Output>
        <ErrorInfo>
          <Message>Assert.AreEqual failed. Expected:&lt;Welcome to ASP.NET MVC!&gt;. Actual:&lt;Welcome to MOAN&gt;. </Message>
          <StackTrace>   at MaonWebApp.Tests.Controllers.HomeControllerTest.Index() in C:\Documents and Settings\Administrator\My Documents\Visual Studio 2008\Projects\MoanWebAppRoot\MaonWebApp\MaonWebApp.Tests\Controllers\HomeControllerTest.cs:line 26
</StackTrace>
        </ErrorInfo>
      </Output>
    </UnitTestResult>
    <UnitTestResult executionId="619287f4-c167-45cd-bce1-0d82dc589266" testId="621d3f18-49d2-c5f2-5709-c00f4d8a1d68" testName="About" computerName="VOX-DEV-CAREL" duration="00:00:00.0004237" startTime="2009-03-27T10:14:55.6718750+02:00" endTime="2009-03-27T10:14:55.6875000+02:00" testType="13cdc9d9-ddb5-4fa4-a97d-d965ccfc6d4b" outcome="Passed" testListId="8c84fa94-04c1-424b-9868-57a2d4851a1d">
      <Output>
      </Output>
    </UnitTestResult>
    <UnitTestResult executionId="eb891f0a-8bf8-4eb6-9de7-c4628a38a992" testId="3b5d3c00-00ce-32cf-1ff8-471133aa456b" testName="Nags" computerName="VOX-DEV-CAREL" duration="00:00:00.0008177" startTime="2009-03-27T10:14:55.6875000+02:00" endTime="2009-03-27T10:14:55.6875000+02:00" testType="13cdc9d9-ddb5-4fa4-a97d-d965ccfc6d4b" outcome="Passed" testListId="8c84fa94-04c1-424b-9868-57a2d4851a1d">
      <Output>
      </Output>
    </UnitTestResult>
  </Results>
</TestRun>